Found 137 unique URLs to check.
Checking https://abcnews.go.com/abcnews/topstories?format=rss ... OK (newest 2026-02-27T02:59:02.000Z, 0d)
Checking https://kentuckylantern.com/feed ... OK (newest 2026-02-27T00:45:26.000Z, 0d)
Checking https://kentuckylantern.com/feed/ ... OK (newest 2026-02-27T00:45:26.000Z, 0d)
Checking https://kentuckylantern.com/feed/localFeed ... OK (newest 2026-02-27T00:45:26.000Z, 0d)
Checking https://kentuckylantern.com/feed/?format=rss ... OK (newest 2026-02-27T00:45:26.000Z, 0d)
Checking https://kentuckylantern.com/rss ... OK (newest 2026-02-27T00:45:26.000Z, 0d)
Checking https://kentuckylantern.com/rss/ ... OK (newest 2026-02-27T00:45:26.000Z, 0d)
Checking https://kycir.org/feed/ ... OK (newest 2026-02-26T17:19:51.000Z, 0d)
Checking https://kycir.org/feed/?format=rss ... OK (newest 2026-02-26T17:19:51.000Z, 0d)
Checking https://kycir.org/index.rss ... OK (newest 2026-02-26T23:49:11.000Z, 0d)
Checking https://kykernel.com/category/news/feed/ ... OK (newest 2026-02-27T00:14:58.000Z, 0d)
Checking https://kykernel.com/feed ... OK (newest 2026-02-27T02:02:26.000Z, 0d)
Checking https://kykernel.com/feed/ ... OK (newest 2026-02-27T02:02:26.000Z, 0d)
Checking https://kykernel.com/feed/?format=rss ... OK (newest 2026-02-27T02:02:26.000Z, 0d)
Checking https://kykernel.com/feed/atom/ ... OK (newest 2026-02-27T02:02:26.000Z, 0d)
Checking https://kykernel.com/rss ... OK (newest 2026-02-27T02:02:26.000Z, 0d)
Checking https://kykernel.com/rss/ ... OK (newest 2026-02-27T02:02:26.000Z, 0d)
Checking https://kypress.com/category/news/feed/ ... OK (newest 2026-02-13T09:59:00.000Z, 14d)
Checking https://kypress.com/feed ... OK (newest 2026-02-13T09:59:00.000Z, 14d)
Checking https://kypress.com/feed/ ... OK (newest 2026-02-13T09:59:00.000Z, 14d)
Checking https://kypress.com/rss ... OK (newest 2026-02-13T09:59:00.000Z, 14d)
Checking https://kypress.com/rss/ ... OK (newest 2026-02-13T09:59:00.000Z, 14d)
Checking https://linknky.com/category/news/feed/ ... OK (newest 2026-02-27T00:06:28.000Z, 0d)
Checking https://linknky.com/comments/feed/ ... OK (newest 2026-02-19T19:13:55.000Z, 7d)
Checking https://linknky.com/feed ... OK (newest 2026-02-27T00:06:28.000Z, 0d)
Checking https://linknky.com/feed/ ... OK (newest 2026-02-27T00:06:28.000Z, 0d)
Checking https://linknky.com/feed/?format=rss ... OK (newest 2026-02-27T00:06:28.000Z, 0d)
Checking https://linknky.com/news/rss ... OK (newest 2026-02-27T00:06:28.000Z, 0d)
Checking https://linknky.com/rss ... OK (newest 2026-02-27T00:06:28.000Z, 0d)
Checking https://linknky.com/rss/ ... OK (newest 2026-02-27T00:06:28.000Z, 0d)
Checking https://moxie.foxnews.com/google-publisher/latest.xml ... OK (newest 2026-02-27T02:31:57.000Z, 0d)
Checking https://moxie.foxnews.com/google-publisher/latest.xml?format=rss ... OK (newest 2026-02-27T02:31:57.000Z, 0d)
Checking https://nkytribune.com/feed/ ... OK (newest 2026-02-26T19:30:27.000Z, 0d)
Checking https://smileypete.com/api/rss/content.rss ... OK (newest 2026-02-26T19:48:50.000Z, 0d)
Checking https://smileypete.com/business/index.rss ... OK (newest 2026-02-06T17:59:17.000Z, 20d)
Checking https://wfpl.org/feed ... OK (newest 2026-02-26T23:49:11.000Z, 0d)
Checking https://wfpl.org/feed/ ... OK (newest 2026-02-26T23:49:11.000Z, 0d)
Checking https://wfpl.org/feed/?format=rss ... OK (newest 2026-02-26T23:49:11.000Z, 0d)
Checking https://wfpl.org/index.rss ... OK (newest 2026-02-26T23:49:11.000Z, 0d)
Checking https://www.amnews.com/category/news/feed/ ... OK (newest 2026-02-26T15:00:00.000Z, 1d)
Checking https://www.amnews.com/feed ... OK (newest 2026-02-26T19:00:00.000Z, 0d)
Checking https://www.amnews.com/feed/ ... OK (newest 2026-02-26T19:00:00.000Z, 0d)
Checking https://www.amnews.com/rss ... OK (newest 2026-02-26T19:00:00.000Z, 0d)
Checking https://www.amnews.com/rss/ ... OK (newest 2026-02-26T19:00:00.000Z, 0d)
Checking https://www.amnews.com/rss?format=rss ... OK (newest 2026-02-26T19:00:00.000Z, 0d)
Checking https://www.bgdailynews.com/category/news/feed/ ... OK (newest 2026-03-01T11:00:00.000Z, -2d)
Checking https://www.bgdailynews.com/feed ... OK (newest 2026-03-26T16:30:00.000Z, -28d)
Checking https://www.bgdailynews.com/feed/ ... OK (newest 2026-03-26T16:30:00.000Z, -28d)
Checking https://www.bgdailynews.com/rss ... OK (newest 2026-03-26T16:30:00.000Z, -28d)
Checking https://www.bgdailynews.com/rss/ ... OK (newest 2026-03-26T16:30:00.000Z, -28d)
Checking https://www.bgdailynews.com/rss?format=rss ... OK (newest 2026-03-26T16:30:00.000Z, -28d)
Checking https://www.falmouthoutlook.com/rss.xml ... OK (newest 2026-02-16T20:24:22.000Z, 10d)
Checking https://www.foxnews.com/rss ... OK (newest 2026-02-27T02:31:57.000Z, 0d)
Checking https://www.foxnews.com/rss.xml ... OK (newest 2026-02-27T03:02:12.000Z, 0d)
Checking https://www.harlanenterprise.net/category/news/feed/ ... OK (newest 2026-02-26T03:09:49.000Z, 1d)
Checking https://www.harlanenterprise.net/feed ... OK (newest 2026-02-26T19:00:00.000Z, 0d)
Checking https://www.harlanenterprise.net/feed/ ... OK (newest 2026-02-26T19:00:00.000Z, 0d)
Checking https://www.harlanenterprise.net/rss ... OK (newest 2026-02-26T19:00:00.000Z, 0d)
Checking https://www.harlanenterprise.net/rss/ ... OK (newest 2026-02-26T19:00:00.000Z, 0d)
Checking https://www.lanereport.com/feed ... OK (newest 2026-02-26T21:18:48.000Z, 0d)
Checking https://www.lanereport.com/feed/ ... OK (newest 2026-02-26T21:18:48.000Z, 0d)
Checking https://www.lanereport.com/feed/?format=rss ... OK (newest 2026-02-26T21:18:48.000Z, 0d)
Checking https://www.lanereport.com/rss ... OK (newest 2026-02-26T21:18:48.000Z, 0d)
Checking https://www.lanereport.com/rss/ ... OK (newest 2026-02-26T21:18:48.000Z, 0d)
Checking https://www.leoweekly.com/category/news/feed/ ... OK (newest 2026-02-23T17:50:59.000Z, 3d)
Checking https://www.leoweekly.com/feed ... OK (newest 2026-02-26T18:43:27.000Z, 0d)
Checking https://www.leoweekly.com/feed/ ... OK (newest 2026-02-26T18:43:27.000Z, 0d)
Checking https://www.leoweekly.com/feed/?format=rss ... OK (newest 2026-02-26T18:43:27.000Z, 0d)
Checking https://www.leoweekly.com/rss ... OK (newest 2026-02-26T18:43:27.000Z, 0d)
Checking https://www.leoweekly.com/rss/ ... OK (newest 2026-02-26T18:43:27.000Z, 0d)
Checking https://www.lex18.com/index.rss ... OK (newest 2026-02-27T01:25:29.000Z, 0d)
Checking https://www.lpm.org/feed/ ... OK (newest 2026-02-26T23:49:11.000Z, 0d)
Checking https://www.lpm.org/index.rss ... OK (newest 2026-02-26T23:49:11.000Z, 0d)
Checking https://www.lpm.org/investigate.rss ... OK (newest 2026-02-26T17:19:51.000Z, 0d)
Checking https://www.lpm.org/kentucky-public-radio.rss ... OK (newest 2026-02-26T23:49:11.000Z, 0d)
Checking https://www.lpm.org/news.rss ... OK (newest 2026-02-26T23:49:11.000Z, 0d)
Checking https://www.nbcnews.com/feed ... OK (newest 2112-01-01T05:00:00.000Z, -31353d)
Checking https://www.nbcnews.com/feed/ ... OK (newest 2112-01-01T05:00:00.000Z, -31353d)
Checking https://www.nbcnews.com/rss ... OK (newest 2112-01-01T05:00:00.000Z, -31353d)
Checking https://www.nbcnews.com/rss/ ... OK (newest 2112-01-01T05:00:00.000Z, -31353d)
Checking https://www.nkytribune.com/category/news/feed/ ... OK (newest 2026-02-26T05:40:04.000Z, 1d)
Checking https://www.nkytribune.com/feed ... OK (newest 2026-02-26T19:30:27.000Z, 0d)
Checking https://www.nkytribune.com/feed/ ... OK (newest 2026-02-26T19:30:27.000Z, 0d)
Checking https://www.nkytribune.com/feed/?format=rss ... OK (newest 2026-02-26T19:30:27.000Z, 0d)
Checking https://www.nkytribune.com/rss ... OK (newest 2026-02-26T19:30:27.000Z, 0d)
Checking https://www.nkytribune.com/rss/ ... OK (newest 2026-02-26T19:30:27.000Z, 0d)
Checking https://www.state-journal.com/category/news/feed/ ... OK (newest 2026-02-26T19:00:00.000Z, 0d)
Checking https://www.state-journal.com/feed ... OK (newest 2026-02-27T01:42:00.000Z, 0d)
Checking https://www.state-journal.com/feed/ ... OK (newest 2026-02-27T01:42:00.000Z, 0d)
Checking https://www.state-journal.com/rss ... OK (newest 2026-02-27T01:42:00.000Z, 0d)
Checking https://www.state-journal.com/rss/ ... OK (newest 2026-02-27T01:42:00.000Z, 0d)
Checking https://www.state-journal.com/rss?format=rss ... OK (newest 2026-02-27T01:42:00.000Z, 0d)
Checking https://www.theinteriorjournal.com/category/news/feed/ ... OK (newest 2026-02-24T19:18:00.000Z, 2d)
Checking https://www.theinteriorjournal.com/feed ... OK (newest 2026-02-26T19:00:00.000Z, 0d)
Checking https://www.theinteriorjournal.com/feed/ ... OK (newest 2026-02-26T19:00:00.000Z, 0d)
Checking https://www.theinteriorjournal.com/rss ... OK (newest 2026-02-26T19:00:00.000Z, 0d)
Checking https://www.theinteriorjournal.com/rss/ ... OK (newest 2026-02-26T19:00:00.000Z, 0d)
Checking https://www.theinteriorjournal.com/rss?format=rss ... OK (newest 2026-02-26T19:00:00.000Z, 0d)
Checking https://www.themountaineagle.com/category/news/feed/ ... OK (newest 2026-02-25T12:00:00.000Z, 2d)
Checking https://www.themountaineagle.com/feed ... OK (newest 2026-02-25T12:00:00.000Z, 2d)
Checking https://www.themountaineagle.com/feed/ ... OK (newest 2026-02-25T12:00:00.000Z, 2d)
Checking https://www.themountaineagle.com/feed/?format=rss ... OK (newest 2026-02-25T12:00:00.000Z, 2d)
Checking https://www.themountaineagle.com/rss ... OK (newest 2026-02-25T12:00:00.000Z, 2d)
Checking https://www.themountaineagle.com/rss/ ... OK (newest 2026-02-25T12:00:00.000Z, 2d)
Checking https://www.voice-tribune.com/blog-feed.xml ... OK (newest 2026-02-16T16:14:56.000Z, 10d)
Checking https://www.whas11.com/feeds/syndication/rss/news ... OK (newest 2026-02-27T02:52:03.000Z, 0d)
Checking https://www.wkms.org/rss.xml ... OK (newest 2026-02-26T21:24:06.000Z, 0d)
Checking https://www.wkms.org/rss.xml?format=rss ... OK (newest 2026-02-26T21:24:06.000Z, 0d)
Checking https://www.wlky.com/topstories-rss?format=rss ... OK (newest 2026-02-27T02:50:00.000Z, 0d)
Checking https://www.wtvq.com/category/news/feed/ ... OK (newest 2026-02-26T22:01:28.000Z, 0d)
Checking https://www.wtvq.com/feed ... OK (newest 2026-02-27T01:49:36.000Z, 0d)
Checking https://www.wtvq.com/feed/ ... OK (newest 2026-02-27T01:49:36.000Z, 0d)
Checking https://www.wtvq.com/feed/?format=rss ... OK (newest 2026-02-27T01:49:36.000Z, 0d)
Checking https://www.wtvq.com/rss ... OK (newest 2026-02-27T01:49:36.000Z, 0d)
Checking https://www.wtvq.com/rss/ ... OK (newest 2026-02-27T01:49:36.000Z, 0d)
Checking https://www.news-expressky.com/search/?f=rss&t=article ... OK (newest 2026-02-27T02:30:33.000Z, 0d)
Checking https://feeds.npr.org/1001/rss.xml ... OK (newest 2026-02-27T02:19:45.000Z, 0d)
Checking https://www.npr.org/rss/rss.php?id=1001 ... OK (newest 2026-02-27T02:19:45.000Z, 0d)
Checking https://www.pbs.org/newshour/feeds/rss/headlines ... OK (newest 2026-02-27T03:04:35.000Z, 0d)
Checking https://www.wdrb.com/search/?f=rss&t=article&c=news&l=50&s=start_time&sd=desc ... OK (newest 2026-02-27T02:15:00.000Z, 0d)
Checking https://www.lex18.com/news/covering-kentucky.rss ... OK (newest 2026-02-27T01:25:29.000Z, 0d)
Checking https://feeds.mcclatchy.com/kentucky/sections/latest-news/stories ... OK (newest 2026-02-26T23:32:48.000Z, 0d)
Checking https://www.wowktv.com/news/kentucky/feed/ ... OK (newest 2026-02-27T03:41:15.000Z, 0d)
Checking https://www.wnky.com/feed/ ... OK (newest 2026-02-27T00:14:42.000Z, 0d)
Checking https://kychamberbottomline.com/feed/ ... OK (newest 2026-02-26T13:47:56.000Z, 1d)
Checking https://www.wcpo.com/news/state/state-kentucky.rss ... OK (newest 2026-02-13T22:31:32.000Z, 13d)
Checking https://www.owensborotimes.com/feed/ ... OK (newest 2026-02-27T00:25:59.000Z, 0d)
Checking https://stateline.org/feed/ ... OK (newest 2026-02-26T10:00:32.000Z, 1d)
Checking https://stateline.org/feed/localFeed ... OK (newest 2026-02-26T10:00:32.000Z, 1d)
Checking https://www.newsfromthestates.com/api/v2/article/category?article_category=247 ... OK (newest 2026-02-27T02:59:12.000Z, 0d)
Checking https://www.newsfromthestates.com/api/v2/article/category?article_category=187491 ... OK (newest 2026-02-26T23:46:57.000Z, 0d)
Checking https://www.newsfromthestates.com/api/v2/article/category?article_category=565 ... OK (newest 2026-02-26T21:53:46.000Z, 0d)
Checking https://fox56news.com/feed/ ... OK (newest 2026-02-27T05:14:52.000Z, 0d)
Checking https://wrsrtherooster.com/feed/ ... OK (newest 2026-02-20T15:22:08.000Z, 6d)
Checking https://www.k105.com/feed/ ... OK (newest 2026-02-27T01:40:21.000Z, 0d)
Checking https://wp.kentuckystatepolice.ky.gov/feed/ ... OK (newest 2026-02-26T20:07:46.000Z, 0d)
Checking https://news.google.com/rss/search?q=Kentucky+news&hl=en-US&gl=US&ceid=US:en ... OK (newest 2026-02-27T02:50:00.000Z, 0d)

Summary:
All feeds returned items with recent dates.
